--------------------------------------
Running PBS prologue script
--------------------------------------
User and Job Data:
--------------------------------------
Job ID:    475473.qb3
Username:  zach
Group:     loniusers
Date:      27-Mar-2018 19:57
Node:      qb062 (69224)
--------------------------------------
PBS has allocated the following nodes:

qb062

A total of 20 processors on 1 nodes allocated
---------------------------------------------
Check nodes and clean them of stray processes
---------------------------------------------
Checking node qb062 19:57:32 
Done clearing all the allocated nodes
------------------------------------------------------
Concluding PBS prologue script - 27-Mar-2018 19:57:32
------------------------------------------------------
PASTA INFO: Reading input sequences from 'RAG1_Turtle.fasta'...
PASTA INFO: Configuration written to "/work/zach/SystematicsProject_Nikolakis/data/Turtle_fasta_files/RAG1_Turtle_temp_pasta_config.txt".

PASTA INFO: Directory for temporary files created at /home/zach/.pasta/RAG1_Turtle/temp97w3rzfg
PASTA INFO: Name translation information saved to /work/zach/SystematicsProject_Nikolakis/data/Turtle_fasta_files/RAG1_Turtle_temp_name_translation.txt as safe name, original name, blank line format.
PASTA INFO: Creating a starting tree for the PASTA algorithm...
PASTA INFO: Performing initial alignment of the entire data matrix...
PASTA INFO: Performing initial tree search to get starting tree...
PASTA INFO: Starting PASTA algorithm on initial tree...
PASTA INFO: Max subproblem set to 54
PASTA INFO: Step 0. Realigning with decomposition strategy set to mincluster
PASTA INFO: Step 0. Alignment obtained. Tree inference beginning...
PASTA INFO: realignment accepted and score improved.
PASTA INFO: current score: -11163.454469, best score: -11163.454469
PASTA INFO: Step 1. Realigning with decomposition strategy set to mincluster
PASTA INFO: Step 1. Alignment obtained. Tree inference beginning...
PASTA INFO: realignment accepted and score improved.
PASTA INFO: current score: -11157.427742, best score: -11157.427742
PASTA INFO: Step 2. Realigning with decomposition strategy set to mincluster
PASTA INFO: Step 2. Alignment obtained. Tree inference beginning...
PASTA INFO: realignment accepted and despite the score not improving.
PASTA INFO: current score: -11162.989623, best score: -11157.427742
PASTA INFO: Writing resulting alignment to /work/zach/SystematicsProject_Nikolakis/data/Turtle_fasta_files/RAG1_Turtle.marker001.RAG1_Turtle.aln
PASTA INFO: Writing resulting tree to /work/zach/SystematicsProject_Nikolakis/data/Turtle_fasta_files/RAG1_Turtle.tre
PASTA INFO: Writing resulting likelihood score to /work/zach/SystematicsProject_Nikolakis/data/Turtle_fasta_files/RAG1_Turtle.score.txt
PASTA INFO: The resulting alignment (with the names in a "safe" form) was first written as the file "/work/zach/SystematicsProject_Nikolakis/data/Turtle_fasta_files/RAG1_Turtle_temp_iteration_2_seq_alignment.txt"
PASTA INFO: The resulting tree (with the names in a "safe" form) was first written as the file "/work/zach/SystematicsProject_Nikolakis/data/Turtle_fasta_files/RAG1_Turtle_temp_iteration_2_tree.tre"
PASTA INFO: Total time spent: 224.04512333869934s
Refused to clean '/home/zach/.pasta/RAG1_Turtle/temp97w3rzfg/init_aln': not created by PASTA
'/home/zach/.pasta/RAG1_Turtle/temp97w3rzfg/init_aln' is not registered as a temporary directory that was created by this process!
------------------------------------------------------
Running PBS epilogue script    - 27-Mar-2018 20:01:17
------------------------------------------------------
Checking node qb062 (MS)
Checking node qb062 ok
------------------------------------------------------
Concluding PBS epilogue script - 27-Mar-2018 20:01:19
------------------------------------------------------
Exit Status:     0
Job ID:          475473.qb3
Username:        zach
Group:           loniusers
Job Name:        pasta
Session Id:      69223
Resource Limits: ncpus=1,neednodes=1:ppn=20,nodes=1:ppn=20,walltime=03:00:00
Resources Used:  cput=00:33:51,mem=1519108kb,vmem=23187036kb,walltime=00:03:46
Queue Used:      workq
Account String:  loni_selu_sys
Node:            qb062
Process id:      71502
------------------------------------------------------
