--------------------------------------
Running PBS prologue script
--------------------------------------
User and Job Data:
--------------------------------------
Job ID:    475471.qb3
Username:  zach
Group:     loniusers
Date:      27-Mar-2018 19:57
Node:      qb061 (16449)
--------------------------------------
PBS has allocated the following nodes:

qb061

A total of 20 processors on 1 nodes allocated
---------------------------------------------
Check nodes and clean them of stray processes
---------------------------------------------
Checking node qb061 19:57:16 
Done clearing all the allocated nodes
------------------------------------------------------
Concluding PBS prologue script - 27-Mar-2018 19:57:16
------------------------------------------------------
PASTA INFO: Reading input sequences from 'HNFAL_Turtle.fasta'...
PASTA INFO: Configuration written to "/work/zach/SystematicsProject_Nikolakis/data/Turtle_fasta_files/HNFAL_Turtle_temp_pasta_config.txt".

PASTA INFO: Directory for temporary files created at /home/zach/.pasta/HNFAL_Turtle/temp5xghvlvt
PASTA INFO: Name translation information saved to /work/zach/SystematicsProject_Nikolakis/data/Turtle_fasta_files/HNFAL_Turtle_temp_name_translation.txt as safe name, original name, blank line format.
PASTA INFO: Creating a starting tree for the PASTA algorithm...
PASTA INFO: Performing initial alignment of the entire data matrix...
PASTA INFO: Performing initial tree search to get starting tree...
PASTA INFO: Starting PASTA algorithm on initial tree...
PASTA INFO: Max subproblem set to 33
PASTA INFO: Step 0. Realigning with decomposition strategy set to mincluster
PASTA INFO: Step 0. Alignment obtained. Tree inference beginning...
PASTA INFO: realignment accepted and despite the score not improving.
PASTA INFO: current score: -4504.71894, best score: -4503.676576
PASTA INFO: Step 1. Realigning with decomposition strategy set to mincluster
PASTA INFO: Step 1. Alignment obtained. Tree inference beginning...
PASTA INFO: realignment accepted and despite the score not improving.
PASTA INFO: current score: -4504.71894, best score: -4503.676576
PASTA INFO: Step 2. Realigning with decomposition strategy set to mincluster
PASTA INFO: Step 2. Alignment obtained. Tree inference beginning...
PASTA INFO: realignment accepted and despite the score not improving.
PASTA INFO: current score: -4504.71894, best score: -4503.676576
PASTA INFO: Writing resulting alignment to /work/zach/SystematicsProject_Nikolakis/data/Turtle_fasta_files/HNFAL_Turtle.marker001.HNFAL_Turtle.aln
PASTA INFO: Writing resulting tree to /work/zach/SystematicsProject_Nikolakis/data/Turtle_fasta_files/HNFAL_Turtle.tre
PASTA INFO: Writing resulting likelihood score to /work/zach/SystematicsProject_Nikolakis/data/Turtle_fasta_files/HNFAL_Turtle.score.txt
PASTA INFO: The resulting alignment (with the names in a "safe" form) was first written as the file "/work/zach/SystematicsProject_Nikolakis/data/Turtle_fasta_files/HNFAL_Turtle_temp_iteration_2_seq_alignment.txt"
PASTA INFO: The resulting tree (with the names in a "safe" form) was first written as the file "/work/zach/SystematicsProject_Nikolakis/data/Turtle_fasta_files/HNFAL_Turtle_temp_iteration_2_tree.tre"
PASTA INFO: Total time spent: 114.09797859191895s
------------------------------------------------------
Running PBS epilogue script    - 27-Mar-2018 19:59:11
------------------------------------------------------
Checking node qb061 (MS)
Checking node qb061 ok
------------------------------------------------------
Concluding PBS epilogue script - 27-Mar-2018 19:59:13
------------------------------------------------------
Exit Status:     0
Job ID:          475471.qb3
Username:        zach
Group:           loniusers
Job Name:        pasta
Session Id:      16448
Resource Limits: ncpus=1,neednodes=1:ppn=20,nodes=1:ppn=20,walltime=03:00:00
Resources Used:  cput=00:32:10,mem=804556kb,vmem=22983084kb,walltime=00:01:56
Queue Used:      workq
Account String:  loni_selu_sys
Node:            qb061
Process id:      18671
------------------------------------------------------
