--------------------------------------
Running PBS prologue script
--------------------------------------
User and Job Data:
--------------------------------------
Job ID:    475466.qb3
Username:  zach
Group:     loniusers
Date:      27-Mar-2018 19:56
Node:      qb024 (82028)
--------------------------------------
PBS has allocated the following nodes:

qb024

A total of 20 processors on 1 nodes allocated
---------------------------------------------
Check nodes and clean them of stray processes
---------------------------------------------
Checking node qb024 19:56:20 
Done clearing all the allocated nodes
------------------------------------------------------
Concluding PBS prologue script - 27-Mar-2018 19:56:20
------------------------------------------------------
PASTA INFO: Reading input sequences from 'BDNF_Turtle.fasta'...
PASTA INFO: Configuration written to "/work/zach/SystematicsProject_Nikolakis/data/Turtle_fasta_files/BDNF_Turtle_temp_pasta_config.txt".

PASTA INFO: Directory for temporary files created at /home/zach/.pasta/BDNF_Turtle/tempwlt423ey
PASTA INFO: Name translation information saved to /work/zach/SystematicsProject_Nikolakis/data/Turtle_fasta_files/BDNF_Turtle_temp_name_translation.txt as safe name, original name, blank line format.
PASTA INFO: Creating a starting tree for the PASTA algorithm...
PASTA INFO: Performing initial alignment of the entire data matrix...
PASTA INFO: Performing initial tree search to get starting tree...
PASTA INFO: Starting PASTA algorithm on initial tree...
PASTA INFO: Max subproblem set to 28
PASTA INFO: Step 0. Realigning with decomposition strategy set to mincluster
PASTA INFO: Step 0. Alignment obtained. Tree inference beginning...
PASTA INFO: realignment accepted and despite the score not improving.
PASTA INFO: current score: -2793.117437, best score: -2793.106051
PASTA INFO: Step 1. Realigning with decomposition strategy set to mincluster
PASTA INFO: Step 1. Alignment obtained. Tree inference beginning...
PASTA INFO: realignment accepted and score improved.
PASTA INFO: current score: -2792.97327, best score: -2792.97327
PASTA INFO: Step 2. Realigning with decomposition strategy set to mincluster
PASTA INFO: Step 2. Alignment obtained. Tree inference beginning...
PASTA INFO: realignment accepted and despite the score not improving.
PASTA INFO: current score: -2792.978382, best score: -2792.97327
PASTA INFO: Writing resulting alignment to /work/zach/SystematicsProject_Nikolakis/data/Turtle_fasta_files/BDNF_Turtle.marker001.BDNF_Turtle.aln
PASTA INFO: Writing resulting tree to /work/zach/SystematicsProject_Nikolakis/data/Turtle_fasta_files/BDNF_Turtle.tre
PASTA INFO: Writing resulting likelihood score to /work/zach/SystematicsProject_Nikolakis/data/Turtle_fasta_files/BDNF_Turtle.score.txt
PASTA INFO: The resulting alignment (with the names in a "safe" form) was first written as the file "/work/zach/SystematicsProject_Nikolakis/data/Turtle_fasta_files/BDNF_Turtle_temp_iteration_2_seq_alignment.txt"
PASTA INFO: The resulting tree (with the names in a "safe" form) was first written as the file "/work/zach/SystematicsProject_Nikolakis/data/Turtle_fasta_files/BDNF_Turtle_temp_iteration_2_tree.tre"
PASTA INFO: Total time spent: 20.08341097831726s
------------------------------------------------------
Running PBS epilogue script    - 27-Mar-2018 19:56:41
------------------------------------------------------
Checking node qb024 (MS)
Checking node qb024 ok
------------------------------------------------------
Concluding PBS epilogue script - 27-Mar-2018 19:56:43
------------------------------------------------------
Exit Status:     0
Job ID:          475466.qb3
Username:        zach
Group:           loniusers
Job Name:        pasta
Session Id:      82027
Resource Limits: ncpus=1,neednodes=1:ppn=20,nodes=1:ppn=20,walltime=03:00:00
Resources Used:  cput=00:03:37,mem=470040kb,vmem=22625032kb,walltime=00:00:23
Queue Used:      workq
Account String:  loni_selu_sys
Node:            qb024
Process id:      84248
------------------------------------------------------
