--------------------------------------
Running PBS prologue script
--------------------------------------
User and Job Data:
--------------------------------------
Job ID:    475469.qb3
Username:  zach
Group:     loniusers
Date:      27-Mar-2018 19:57
Node:      qb024 (84879)
--------------------------------------
PBS has allocated the following nodes:

qb024

A total of 20 processors on 1 nodes allocated
---------------------------------------------
Check nodes and clean them of stray processes
---------------------------------------------
Checking node qb024 19:57:08 
Done clearing all the allocated nodes
------------------------------------------------------
Concluding PBS prologue script - 27-Mar-2018 19:57:08
------------------------------------------------------
PASTA INFO: Reading input sequences from 'CO1_Turtle.fasta'...
PASTA INFO: Configuration written to "/work/zach/SystematicsProject_Nikolakis/data/Turtle_fasta_files/CO1_Turtle_temp_pasta_config.txt".

PASTA INFO: Directory for temporary files created at /home/zach/.pasta/CO1_Turtle/temp4p9n97ke
PASTA INFO: Name translation information saved to /work/zach/SystematicsProject_Nikolakis/data/Turtle_fasta_files/CO1_Turtle_temp_name_translation.txt as safe name, original name, blank line format.
PASTA INFO: Creating a starting tree for the PASTA algorithm...
PASTA INFO: Performing initial alignment of the entire data matrix...
PASTA INFO: Performing initial tree search to get starting tree...
PASTA INFO: Starting PASTA algorithm on initial tree...
PASTA INFO: Max subproblem set to 110
PASTA INFO: Step 0. Realigning with decomposition strategy set to mincluster
PASTA INFO: Step 0. Alignment obtained. Tree inference beginning...
PASTA INFO: realignment accepted and score improved.
PASTA INFO: current score: -31755.979644, best score: -31755.979644
PASTA INFO: Step 1. Realigning with decomposition strategy set to mincluster
PASTA INFO: Step 1. Alignment obtained. Tree inference beginning...
PASTA INFO: realignment accepted and despite the score not improving.
PASTA INFO: current score: -31764.17786, best score: -31755.979644
PASTA INFO: Step 2. Realigning with decomposition strategy set to mincluster
PASTA INFO: Step 2. Alignment obtained. Tree inference beginning...
PASTA INFO: realignment accepted and score improved.
PASTA INFO: current score: -31717.044483, best score: -31717.044483
PASTA INFO: Writing resulting alignment to /work/zach/SystematicsProject_Nikolakis/data/Turtle_fasta_files/CO1_Turtle.marker001.CO1_Turtle.aln
PASTA INFO: Writing resulting tree to /work/zach/SystematicsProject_Nikolakis/data/Turtle_fasta_files/CO1_Turtle.tre
PASTA INFO: Writing resulting likelihood score to /work/zach/SystematicsProject_Nikolakis/data/Turtle_fasta_files/CO1_Turtle.score.txt
PASTA INFO: The resulting alignment (with the names in a "safe" form) was first written as the file "/work/zach/SystematicsProject_Nikolakis/data/Turtle_fasta_files/CO1_Turtle_temp_iteration_2_seq_alignment.txt"
PASTA INFO: The resulting tree (with the names in a "safe" form) was first written as the file "/work/zach/SystematicsProject_Nikolakis/data/Turtle_fasta_files/CO1_Turtle_temp_iteration_2_tree.tre"
PASTA INFO: Total time spent: 354.53466033935547s
Refused to clean '/home/zach/.pasta/CO1_Turtle/temp4p9n97ke/init_aln': not created by PASTA
'/home/zach/.pasta/CO1_Turtle/temp4p9n97ke/init_aln' is not registered as a temporary directory that was created by this process!
------------------------------------------------------
Running PBS epilogue script    - 27-Mar-2018 20:03:04
------------------------------------------------------
Checking node qb024 (MS)
Checking node qb024 ok
------------------------------------------------------
Concluding PBS epilogue script - 27-Mar-2018 20:03:05
------------------------------------------------------
Exit Status:     0
Job ID:          475469.qb3
Username:        zach
Group:           loniusers
Job Name:        pasta
Session Id:      84878
Resource Limits: ncpus=1,neednodes=1:ppn=20,nodes=1:ppn=20,walltime=03:00:00
Resources Used:  cput=01:15:58,mem=619216kb,vmem=23468580kb,walltime=00:05:58
Queue Used:      workq
Account String:  loni_selu_sys
Node:            qb024
Process id:      87702
------------------------------------------------------
