--------------------------------------
Running PBS prologue script
--------------------------------------
User and Job Data:
--------------------------------------
Job ID:    475470.qb3
Username:  zach
Group:     loniusers
Date:      27-Mar-2018 19:57
Node:      qb060 (7222)
--------------------------------------
PBS has allocated the following nodes:

qb060

A total of 20 processors on 1 nodes allocated
---------------------------------------------
Check nodes and clean them of stray processes
---------------------------------------------
Checking node qb060 19:57:12 
Done clearing all the allocated nodes
------------------------------------------------------
Concluding PBS prologue script - 27-Mar-2018 19:57:12
------------------------------------------------------
PASTA INFO: Reading input sequences from 'CYTB_Turtle.fasta'...
PASTA ERROR: PASTA is exiting because of an error:
[Errno 2] No such file or directory: 'CYTB_Turtle.fasta' 
------------------------------------------------------
Running PBS epilogue script    - 27-Mar-2018 19:57:14
------------------------------------------------------
Checking node qb060 (MS)
Checking node qb060 ok
------------------------------------------------------
Concluding PBS epilogue script - 27-Mar-2018 19:57:16
------------------------------------------------------
Exit Status:     1
Job ID:          475470.qb3
Username:        zach
Group:           loniusers
Job Name:        pasta
Session Id:      7221
Resource Limits: ncpus=1,neednodes=1:ppn=20,nodes=1:ppn=20,walltime=03:00:00
Resources Used:  cput=00:00:00,mem=0kb,vmem=0kb,walltime=00:00:03
Queue Used:      workq
Account String:  loni_selu_sys
Node:            qb060
Process id:      7834
------------------------------------------------------
